GET /dir1/file1?param1=value123&param2=value1000 HTTP/1.1

Host: 127.0.0.1

Connection: keep-alive

Cache-Control: max-age=0

sec-ch-ua: " Not A;Brand";v="99", "Chromium";v="92"

sec-ch-ua-mobile: ?0

Upgrade-Insecure-Requests: 1

User-Agent: Mozilla/5.0 (X11; Linux x86_64) AppleWebKit/537.36 (KHTML, like Gecko) Chrome/92.0.4515.159 Safari/537.36

Accept: text/html,application/xhtml+xml,application/xml;q=0.9,image/avif,image/webp,image/apng,*/*;q=0.8,application/signed-exchange;v=b3;q=0.9

Sec-Fetch-Site: none

Sec-Fetch-Mode: navigate

Sec-Fetch-User: ?1

Sec-Fetch-Dest: document

Accept-Encoding: gzip, deflate, br

Accept-Language: ru-RU,ru;q=0.9,en-US;q=0.8,en;q=0.7



Sample Log Entry
GET /favicon.ico HTTP/1.1

Host: 127.0.0.1

Connection: keep-alive

Pragma: no-cache

Cache-Control: no-cache

sec-ch-ua: " Not A;Brand";v="99", "Chromium";v="92"

sec-ch-ua-mobile: ?0

User-Agent: Mozilla/5.0 (X11; Linux x86_64) AppleWebKit/537.36 (KHTML, like Gecko) Chrome/92.0.4515.159 Safari/537.36

Accept: image/avif,image/webp,image/apng,image/svg+xml,image/*,*/*;q=0.8

Sec-Fetch-Site: same-origin

Sec-Fetch-Mode: no-cors

Sec-Fetch-Dest: image

Referer: http://127.0.0.1/dir1/file1?param1=value123&param2=value1000

Accept-Encoding: gzip, deflate, br

Accept-Language: ru-RU,ru;q=0.9,en-US;q=0.8,en;q=0.7



Sample Log Entry
Sample Log Entry
GET /dir1/file1?param1=value123&param2=value888 HTTP/1.1

Host: 127.0.0.1

Connection: keep-alive

sec-ch-ua: " Not A;Brand";v="99", "Chromium";v="92"

sec-ch-ua-mobile: ?0

Upgrade-Insecure-Requests: 1

User-Agent: Mozilla/5.0 (X11; Linux x86_64) AppleWebKit/537.36 (KHTML, like Gecko) Chrome/92.0.4515.159 Safari/537.36

Accept: text/html,application/xhtml+xml,application/xml;q=0.9,image/avif,image/webp,image/apng,*/*;q=0.8,application/signed-exchange;v=b3;q=0.9

Sec-Fetch-Site: none

Sec-Fetch-Mode: navigate

Sec-Fetch-User: ?1

Sec-Fetch-Dest: document

Accept-Encoding: gzip, deflate, br

Accept-Language: ru-RU,ru;q=0.9,en-US;q=0.8,en;q=0.7



Sample Log Entry
GET /favicon.ico HTTP/1.1

Host: 127.0.0.1

Connection: keep-alive

sec-ch-ua: " Not A;Brand";v="99", "Chromium";v="92"

sec-ch-ua-mobile: ?0

User-Agent: Mozilla/5.0 (X11; Linux x86_64) AppleWebKit/537.36 (KHTML, like Gecko) Chrome/92.0.4515.159 Safari/537.36

Accept: image/avif,image/webp,image/apng,image/svg+xml,image/*,*/*;q=0.8

Sec-Fetch-Site: same-origin

Sec-Fetch-Mode: no-cors

Sec-Fetch-Dest: image

Referer: http://127.0.0.1/dir1/file1?param1=value123&param2=value888

Accept-Encoding: gzip, deflate, br

Accept-Language: ru-RU,ru;q=0.9,en-US;q=0.8,en;q=0.7



Sample Log Entry
GET /dir1/file1?param1=value123&param2=value777 HTTP/1.1

Host: 127.0.0.1

Connection: keep-alive

sec-ch-ua: " Not A;Brand";v="99", "Chromium";v="92"

sec-ch-ua-mobile: ?0

Upgrade-Insecure-Requests: 1

User-Agent: Mozilla/5.0 (X11; Linux x86_64) AppleWebKit/537.36 (KHTML, like Gecko) Chrome/92.0.4515.159 Safari/537.36

Accept: text/html,application/xhtml+xml,application/xml;q=0.9,image/avif,image/webp,image/apng,*/*;q=0.8,application/signed-exchange;v=b3;q=0.9

Sec-Fetch-Site: none

Sec-Fetch-Mode: navigate

Sec-Fetch-User: ?1

Sec-Fetch-Dest: document

Accept-Encoding: gzip, deflate, br

Accept-Language: ru-RU,ru;q=0.9,en-US;q=0.8,en;q=0.7




Parsed request: request=GET /dir1/file1?param1=value123&param2=value777 HTTP/1.1
, method=GET, uri=/dir1/file1?param1=value123&param2=value777, uri_path=/dir1/file1?param1=value123&param2=value777

GET /favicon.ico HTTP/1.1

Host: 127.0.0.1

Connection: keep-alive

sec-ch-ua: " Not A;Brand";v="99", "Chromium";v="92"

sec-ch-ua-mobile: ?0

User-Agent: Mozilla/5.0 (X11; Linux x86_64) AppleWebKit/537.36 (KHTML, like Gecko) Chrome/92.0.4515.159 Safari/537.36

Accept: image/avif,image/webp,image/apng,image/svg+xml,image/*,*/*;q=0.8

Sec-Fetch-Site: same-origin

Sec-Fetch-Mode: no-cors

Sec-Fetch-Dest: image

Referer: http://127.0.0.1/dir1/file1?param1=value123&param2=value777

Accept-Encoding: gzip, deflate, br

Accept-Language: ru-RU,ru;q=0.9,en-US;q=0.8,en;q=0.7




Parsed request: request=GET /favicon.ico HTTP/1.1
yÿ, method=GET, uri=/favicon.ico, uri_path=/favicon.ico

GET /dir1/file1?param1=value123&param2=value666 HTTP/1.1

Host: 127.0.0.1

Connection: keep-alive

sec-ch-ua: " Not A;Brand";v="99", "Chromium";v="92"

sec-ch-ua-mobile: ?0

Upgrade-Insecure-Requests: 1

User-Agent: Mozilla/5.0 (X11; Linux x86_64) AppleWebKit/537.36 (KHTML, like Gecko) Chrome/92.0.4515.159 Safari/537.36

Accept: text/html,application/xhtml+xml,application/xml;q=0.9,image/avif,image/webp,image/apng,*/*;q=0.8,application/signed-exchange;v=b3;q=0.9

Sec-Fetch-Site: none

Sec-Fetch-Mode: navigate

Sec-Fetch-User: ?1

Sec-Fetch-Dest: document

Accept-Encoding: gzip, deflate, br

Accept-Language: ru-RU,ru;q=0.9,en-US;q=0.8,en;q=0.7




Parsed request: request=GET /dir1/file1?param1=value123&param2=value666 HTTP/1.1
, method=GET, uri=/dir1/file1?param1=value123&param2=value666, uri_path=/dir1/file1?param1=value123&param2=value666

GET /favicon.ico HTTP/1.1

Host: 127.0.0.1

Connection: keep-alive

sec-ch-ua: " Not A;Brand";v="99", "Chromium";v="92"

sec-ch-ua-mobile: ?0

User-Agent: Mozilla/5.0 (X11; Linux x86_64) AppleWebKit/537.36 (KHTML, like Gecko) Chrome/92.0.4515.159 Safari/537.36

Accept: image/avif,image/webp,image/apng,image/svg+xml,image/*,*/*;q=0.8

Sec-Fetch-Site: same-origin

Sec-Fetch-Mode: no-cors

Sec-Fetch-Dest: image

Referer: http://127.0.0.1/dir1/file1?param1=value123&param2=value666

Accept-Encoding: gzip, deflate, br

Accept-Language: ru-RU,ru;q=0.9,en-US;q=0.8,en;q=0.7




Parsed request: request=GET /favicon.ico HTTP/1.1
ØQ, method=GET, uri=/favicon.ico, uri_path=/favicon.ico

GET /dir1/file1?param1=value123&param2=value555 HTTP/1.1

Host: 127.0.0.1

Connection: keep-alive

sec-ch-ua: " Not A;Brand";v="99", "Chromium";v="92"

sec-ch-ua-mobile: ?0

Upgrade-Insecure-Requests: 1

User-Agent: Mozilla/5.0 (X11; Linux x86_64) AppleWebKit/537.36 (KHTML, like Gecko) Chrome/92.0.4515.159 Safari/537.36

Accept: text/html,application/xhtml+xml,application/xml;q=0.9,image/avif,image/webp,image/apng,*/*;q=0.8,application/signed-exchange;v=b3;q=0.9

Sec-Fetch-Site: none

Sec-Fetch-Mode: navigate

Sec-Fetch-User: ?1

Sec-Fetch-Dest: document

Accept-Encoding: gzip, deflate, br

Accept-Language: ru-RU,ru;q=0.9,en-US;q=0.8,en;q=0.7




Parsed request: request=GET /dir1/file1?param1=value123&param2=value555 HTTP/1.1
, method=GET, uri=/dir1/file1?param1=value123&param2=value555, uri_path=/dir1/file1?param1=value123&param2=value555

GET /favicon.ico HTTP/1.1

Host: 127.0.0.1

Connection: keep-alive

sec-ch-ua: " Not A;Brand";v="99", "Chromium";v="92"

sec-ch-ua-mobile: ?0

User-Agent: Mozilla/5.0 (X11; Linux x86_64) AppleWebKit/537.36 (KHTML, like Gecko) Chrome/92.0.4515.159 Safari/537.36

Accept: image/avif,image/webp,image/apng,image/svg+xml,image/*,*/*;q=0.8

Sec-Fetch-Site: same-origin

Sec-Fetch-Mode: no-cors

Sec-Fetch-Dest: image

Referer: http://127.0.0.1/dir1/file1?param1=value123&param2=value555

Accept-Encoding: gzip, deflate, br

Accept-Language: ru-RU,ru;q=0.9,en-US;q=0.8,en;q=0.7




Parsed request: request=GET /favicon.ico HTTP/1.1
7, method=GET, uri=/favicon.ico, uri_path=/favicon.ico

